<?xml version="1.0" encoding="UTF-8" ?>
<testsuite tests="3" failures="0" name="TestSuite" time="17.45" errors="0" skipped="0">
  <properties>
    <property name="idea.version" value="2021.3.2"/>
    <property name="java.runtime.name" value="OpenJDK Runtime Environment"/>
    <property name="java.vm.version" value="17.0.3+7"/>
    <property name="sun.boot.library.path" value="C:\Users\Ideapad\.jdks\temurin-17.0.3\bin"/>
    <property name="maven.multiModuleProjectDirectory" value="F:\5sem\NPO\3_1_NPO\lr9\9_1__9_2\webdriver"/>
    <property name="java.vm.vendor" value="Eclipse Adoptium"/>
    <property name="java.vendor.url" value="https://adoptium.net/"/>
    <property name="guice.disable.misplaced.annotation.check" value="true"/>
    <property name="path.separator" value=";"/>
    <property name="java.vm.name" value="OpenJDK 64-Bit Server VM"/>
    <property name="sun.os.patch.level" value=""/>
    <property name="user.script" value=""/>
    <property name="user.country" value="RU"/>
    <property name="sun.java.launcher" value="SUN_STANDARD"/>
    <property name="java.vm.specification.name" value="Java Virtual Machine Specification"/>
    <property name="user.dir" value="F:\5sem\NPO\3_1_NPO\lr9\9_1__9_2\webdriver"/>
    <property name="java.vm.compressedOopsMode" value="32-bit"/>
    <property name="java.runtime.version" value="17.0.3+7"/>
    <property name="os.arch" value="amd64"/>
    <property name="java.io.tmpdir" value="C:\Users\Ideapad\AppData\Local\Temp\"/>
    <property name="line.separator" value="
"/>
    <property name="java.vm.specification.vendor" value="Oracle Corporation"/>
    <property name="user.variant" value=""/>
    <property name="os.name" value="Windows 10"/>
    <property name="maven.ext.class.path" value="E:\InteliiJ\IntelliJ IDEA 2021.3.2\plugins\maven\lib\maven-event-listener.jar"/>
    <property name="classworlds.conf" value="E:\InteliiJ\IntelliJ IDEA 2021.3.2\plugins\maven\lib\maven3\bin\m2.conf"/>
    <property name="sun.jnu.encoding" value="Cp1251"/>
    <property name="java.library.path" value="C:\Users\Ideapad\.jdks\temurin-17.0.3\bin;C:\Windows\Sun\Java\bin;C:\Windows\system32;C:\Windows;C:\Python310\Scripts\;C:\Python310\;C:\Windows\system32;C:\Windows;C:\Windows\System32\Wbem;C:\Windows\System32\WindowsPowerShell\v1.0\;C:\Windows\System32\OpenSSH\;C:\Program Files\Microsoft SQL Server\130\Tools\Binn\;C:\Program Files\Git\cmd;C:\Program Files\dotnet\;C:\Program Files (x86)\Microsoft SQL Server\150\Tools\Binn\;C:\Program Files\Microsoft SQL Server\150\Tools\Binn\;C:\Program Files (x86)\Microsoft SQL Server\150\DTS\Binn\;C:\Program Files\Microsoft SQL Server\150\DTS\Binn\;C:\Program Files\Microsoft SQL Server\Client SDK\ODBC\170\Tools\Binn\;C:\Program Files\Azure Data Studio\bin;C:\ProgramData\chocolatey\bin;D:\NodeJS\;E:\InteliiJ\IntelliJ IDEA 2021.3.2\bin;C:\Program Files\Java\jdk1.8.0_144\bin;F:\Maven\apache-maven-3.8.6\bin;C:\Program Files\MySQL\MySQL Shell 8.0\bin\;C:\Users\Ideapad\AppData\Local\Microsoft\WindowsApps;C:\Users\Ideapad\AppData\Local\Programs\Microsoft VS Code\bin;C:\Users\Ideapad\.dotnet\tools;C:\Program Files\Azure Data Studio\bin;E:\InteliiJ\IntelliJ IDEA 2021.3.2\bin;;C:\Program Files\Java\jdk1.8.0_144\bin;C:\Users\Ideapad\AppData\Roaming\npm;F:\Maven\apache-maven-3.8.6\bin;F:\webdriver;;."/>
    <property name="maven.conf" value="E:\InteliiJ\IntelliJ IDEA 2021.3.2\plugins\maven\lib\maven3/conf"/>
    <property name="jdk.debug" value="release"/>
    <property name="java.class.version" value="61.0"/>
    <property name="java.specification.name" value="Java Platform API Specification"/>
    <property name="sun.management.compiler" value="HotSpot 64-Bit Tiered Compilers"/>
    <property name="os.version" value="10.0"/>
    <property name="user.home" value="C:\Users\Ideapad"/>
    <property name="user.timezone" value="Europe/Moscow"/>
    <property name="file.encoding" value="UTF-8"/>
    <property name="java.specification.version" value="17"/>
    <property name="user.name" value="Ideapad"/>
    <property name="java.class.path" value="E:\InteliiJ\IntelliJ IDEA 2021.3.2\plugins\maven\lib\maven3\boot\plexus-classworlds-2.6.0.jar;E:\InteliiJ\IntelliJ IDEA 2021.3.2\plugins\maven\lib\maven3\boot\plexus-classworlds.license"/>
    <property name="java.vm.specification.version" value="17"/>
    <property name="sun.arch.data.model" value="64"/>
    <property name="sun.java.command" value="org.codehaus.classworlds.Launcher -Didea.version=2021.3.2 test"/>
    <property name="java.home" value="C:\Users\Ideapad\.jdks\temurin-17.0.3"/>
    <property name="user.language" value="ru"/>
    <property name="java.specification.vendor" value="Oracle Corporation"/>
    <property name="java.vm.info" value="mixed mode, sharing"/>
    <property name="java.version" value="17.0.3"/>
    <property name="native.encoding" value="Cp1251"/>
    <property name="java.vendor" value="Eclipse Adoptium"/>
    <property name="maven.home" value="E:\InteliiJ\IntelliJ IDEA 2021.3.2\plugins\maven\lib\maven3"/>
    <property name="file.separator" value="\"/>
    <property name="java.version.date" value="2022-04-19"/>
    <property name="java.vendor.url.bug" value="https://github.com/adoptium/adoptium-support/issues"/>
    <property name="sun.io.unicode.encoding" value="UnicodeLittle"/>
    <property name="sun.cpu.endian" value="little"/>
    <property name="java.vendor.version" value="Temurin-17.0.3+7"/>
    <property name="sun.cpu.isalist" value="amd64"/>
  </properties>
  <testcase classname="test.WebDriverPastebinCreateTest" name="createPastebin" time="3.005"/>
  <testcase classname="test.WebDriverPastebinVerifyTest" name="verifyColorSyntax" time="7.323"/>
  <testcase classname="test.WebDriverPastebinVerifyTest" name="verifyTitle" time="7.122"/>
</testsuite>