<?xml version="1.0" encoding="UTF-8"?>
<!-- Generated by org.testng.reporters.JUnitReportReporter -->
<testsuite hostname="DESKTOP-CPG2LO9" failures="0" tests="1" name="test.WebDriverPastebinCreateTest" time="5.292" errors="0" timestamp="2022-11-23T19:49:32 MSK" skipped="0">
  <testcase classname="test.WebDriverPastebinCreateTest" name="createPastebin" time="5.292"/>
  <system-out/>
</testsuite> <!-- test.WebDriverPastebinCreateTest -->
